<?xml version="1.0" encoding="UTF-8"?>
<!-- Generated by org.testng.reporters.JUnitReportReporter -->
<testsuite hostname="DESKTOP-LT3GB5V" failures="0" tests="1" name="com.herokuapp.theinternet.PositiveTests" time="23.648" errors="0" timestamp="2024-05-27T10:21:06 UYT" skipped="0">
  <testcase classname="com.herokuapp.theinternet.PositiveTests" name="loginTest" time="23.648"/>
</testsuite> <!-- com.herokuapp.theinternet.PositiveTests -->
