<?xml version="1.0" encoding="UTF-8"?>
<!-- Generated by org.testng.reporters.JUnitReportReporter -->
<testsuite hostname="DESKTOP-LT3GB5V" failures="0" tests="2" name="com.herokuapp.theinternet.NegativeTest" time="38.018" errors="0" timestamp="2024-05-27T10:50:33 UYT" skipped="0">
  <testcase classname="com.herokuapp.theinternet.NegativeTest" name="NegativePasswordTest" time="19.705"/>
  <testcase classname="com.herokuapp.theinternet.NegativeTest" name="NegativeUsernameTest" time="18.313"/>
</testsuite> <!-- com.herokuapp.theinternet.NegativeTest -->
