<?xml version="1.0" encoding="UTF-8"?>
<!-- Generated by org.testng.reporters.JUnitReportReporter -->
<testsuite hostname="DESKTOP-LT3GB5V" failures="0" tests="3" name="com.herokuapp.theinternet.LoginTests" time="53.467" errors="0" timestamp="2024-05-29T11:41:42 UYT" skipped="0">
  <testcase classname="com.herokuapp.theinternet.LoginTests" name="positiveLoginTest" time="18.619"/>
  <testcase classname="com.herokuapp.theinternet.LoginTests" name="negativeLoginTest" time="17.732"/>
  <testcase classname="com.herokuapp.theinternet.LoginTests" name="negativeLoginTest" time="17.116"/>
</testsuite> <!-- com.herokuapp.theinternet.LoginTests -->
