<?xml version="1.0" encoding="UTF-8"?>
<!-- Generated by org.testng.reporters.JUnitReportReporter -->
<testsuite hostname="DESKTOP-LT3GB5V" failures="0" tests="2" name="com.herokuapp.theinternet.NegativeTests" time="38.637" errors="0" timestamp="2024-05-28T14:53:32 UYT" skipped="0">
  <testcase classname="com.herokuapp.theinternet.NegativeTests" name="negativeLoginTest" time="20.384"/>
  <testcase classname="com.herokuapp.theinternet.NegativeTests" name="negativeLoginTest" time="18.253"/>
</testsuite> <!-- com.herokuapp.theinternet.NegativeTests -->
